<?xml version="1.0" encoding="UTF-8"?>
<!-- Generated by org.testng.reporters.JUnitReportReporter -->
<testsuite hostname="ip-172-31-46-167" failures="0" tests="2" name="tests.StaticImport" time="4.960" errors="0" timestamp="2022-12-01T07:20:44 IST" skipped="0">
  <testcase classname="tests.StaticImport" name="test1" time="2.902"/>
  <system-out/>
  <testcase classname="tests.StaticImport" name="test2" time="2.058"/>
  <system-out/>
</testsuite> <!-- tests.StaticImport -->
