<?xml version="1.0" encoding="UTF-8"?>
<!-- Generated by org.testng.reporters.JUnitReportReporter -->
<testsuite hostname="ip-172-31-46-167" failures="0" tests="1" name="tests.TestExample" time="4.403" errors="0" timestamp="2022-12-01T07:03:15 IST" skipped="0">
  <testcase classname="tests.TestExample" name="test1" time="4.403"/>
  <system-out/>
</testsuite> <!-- tests.TestExample -->
