<?xml version="1.0" encoding="UTF-8"?>
<!-- Generated by org.testng.reporters.JUnitReportReporter -->
<testsuite hostname="ip-172-31-46-167" failures="0" tests="5" name="tests.DemoAPITest" time="2.674" errors="0" timestamp="2022-12-07T10:26:25 IST" skipped="0">
  <testcase classname="tests.DemoAPITest" name="get" time="0.129"/>
  <system-out/>
  <testcase classname="tests.DemoAPITest" name="put" time="0.043"/>
  <system-out/>
  <testcase classname="tests.DemoAPITest" name="delete" time="2.348"/>
  <system-out/>
  <testcase classname="tests.DemoAPITest" name="patch" time="0.081"/>
  <system-out/>
  <testcase classname="tests.DemoAPITest" name="post" time="0.073"/>
  <system-out/>
</testsuite> <!-- tests.DemoAPITest -->
